
> zora-design-system@0.1.0 build-storybook
> storybook build --output-dir=/var/folders/1r/8x9hhhbx52d97n86bhgxv_qr0000gn/T/chromatic--9544-lfmSIugnm234

[1m@storybook/core v8.5.6
[22m
info => Cleaning outputDir: [36m../../../../../var/folders/1r/8x9hhhbx52d97n86bhgxv_qr0000gn/T/chromatic--9544-lfmSIugnm234[39m
info => Loading presets
info => Building manager..
info => Manager built ([38;2;181;126;229m369 ms[39m)
info => Building preview..
info => Loading Webpack configuration from `node_modules/react-scripts`
info => Removing existing JavaScript and TypeScript rules.
info => Modifying Create React App rules.
info Addon-docs: using MDX3
info => Using default Webpack5 setup
info => Copying static files: [36mpublic[39m at [36m../../../../../var/folders/1r/8x9hhhbx52d97n86bhgxv_qr0000gn/T/chromatic--9544-lfmSIugnm234[39m
info Using tsconfig paths for react-docgen
WARN [eslint] 
WARN src/stories/Button.stories.ts
WARN   Line 16:14:  The story should use PascalCase notation: primary    storybook/prefer-pascal-case
WARN   Line 23:14:  The story should use PascalCase notation: secondary  storybook/prefer-pascal-case
WARN 
WARN src/stories/IconButton.stories.ts
WARN   Line 16:14:  The story should use PascalCase notation: primary  storybook/prefer-pascal-case
WARN 
WARN src/stories/SidePanel.stories.ts
WARN   Line 16:14:  The story should use PascalCase notation: primary  storybook/prefer-pascal-case
WARN 
WARN 
WARN asset size limit: The following asset(s) exceed the recommended size limit (244 KiB).
WARN This can impact web performance.
WARN Assets: 
WARN   7a58d2cb9a6358f85e9b.png (456 KiB)
WARN   844.a89e8dfc.iframe.bundle.js (992 KiB)
WARN   735.097ecb5b.iframe.bundle.js (357 KiB)
WARN   566.d97eeadd.iframe.bundle.js (1.4 MiB)
WARN entrypoint size limit: The following entrypoint(s) combined asset size exceeds the recommended limit (244 KiB). This can impact web performance.
WARN Entrypoints:
WARN   main (1.42 MiB)
WARN       runtime~main.73e8f0fc.iframe.bundle.js
WARN       566.d97eeadd.iframe.bundle.js
WARN       main.6520e249.iframe.bundle.js
WARN 
info => Preview built ([38;2;181;126;229m22 s[39m)
info => Output directory: /var/folders/1r/8x9hhhbx52d97n86bhgxv_qr0000gn/T/chromatic--9544-lfmSIugnm234
